<?xml version="1.0" encoding="UTF-8"?>
<!-- Generated by org.testng.reporters.JUnitReportReporter -->
<testsuite skipped="1" hostname="This-PC" name="com.TestCases.TC_001" tests="1" failures="0" timestamp="2021-11-09T20:00:47 IST" time="0.000" errors="0">
  <testcase name="ValidateCustomer" time="0.000" classname="com.TestCases.TC_001">
    <skipped/>
  </testcase> <!-- ValidateCustomer -->
  <system-out/>
</testsuite> <!-- com.TestCases.TC_001 -->
